<?xml version="1.0" encoding="UTF-8"?>
<testng-results skipped="0" failed="2" ignored="0" total="10" passed="8">
  <reporter-output>
  </reporter-output>
  <suite name="Suite" duration-ms="7913" started-at="2022-10-10T06:35:04 IST" finished-at="2022-10-10T06:35:12 IST">
    <groups>
    </groups>
    <test name="Test" duration-ms="7913" started-at="2022-10-10T06:35:04 IST" finished-at="2022-10-10T06:35:12 IST">
      <class name="org.testing.testcase.TC6_PostRequestOnlineAPI">
        <test-method status="PASS" signature="TC6_PostReqOnlineAPI()[pri:0, instance:org.testing.testcase.TC6_PostRequestOnlineAPI@55040f2f]" name="TC6_PostReqOnlineAPI" duration-ms="1226" started-at="2022-10-10T06:35:07 IST" finished-at="2022-10-10T06:35:08 IST">
          <reporter-output>
          </reporter-output>
        </test-method> <!-- TC6_PostReqOnlineAPI -->
      </class> <!-- org.testing.testcase.TC6_PostRequestOnlineAPI -->
      <class name="org.testing.testcase.TC4_PutRequest">
        <test-method status="PASS" signature="TC4_UpdatePutRequest()[pri:0, instance:org.testing.testcase.TC4_PutRequest@157632c9]" name="TC4_UpdatePutRequest" duration-ms="123" started-at="2022-10-10T06:35:06 IST" finished-at="2022-10-10T06:35:06 IST">
          <reporter-output>
          </reporter-output>
        </test-method> <!-- TC4_UpdatePutRequest -->
      </class> <!-- org.testing.testcase.TC4_PutRequest -->
      <class name="org.testing.testcase.TC8_GetParticularRecordOnlineAPI">
        <test-method status="PASS" signature="TC8_GetParticularRecdOnlnAPI()[pri:0, instance:org.testing.testcase.TC8_GetParticularRecordOnlineAPI@275710fc]" name="TC8_GetParticularRecdOnlnAPI" duration-ms="1148" started-at="2022-10-10T06:35:09 IST" finished-at="2022-10-10T06:35:10 IST">
          <reporter-output>
          </reporter-output>
        </test-method> <!-- TC8_GetParticularRecdOnlnAPI -->
      </class> <!-- org.testing.testcase.TC8_GetParticularRecordOnlineAPI -->
      <class name="org.testing.testcase.TC2_GetAllRecordsRequest">
        <test-method status="PASS" signature="TC2_GetAllRecordsMethod()[pri:0, instance:org.testing.testcase.TC2_GetAllRecordsRequest@667a738]" name="TC2_GetAllRecordsMethod" duration-ms="1858" started-at="2022-10-10T06:35:04 IST" finished-at="2022-10-10T06:35:06 IST">
          <reporter-output>
          </reporter-output>
        </test-method> <!-- TC2_GetAllRecordsMethod -->
      </class> <!-- org.testing.testcase.TC2_GetAllRecordsRequest -->
      <class name="org.testing.testcase.TC1_PostRequest">
        <test-method status="FAIL" signature="TC1_PostRequestMethod()[pri:0, instance:org.testing.testcase.TC1_PostRequest@7f77e91b]" name="TC1_PostRequestMethod" duration-ms="50" started-at="2022-10-10T06:35:04 IST" finished-at="2022-10-10T06:35:04 IST">
          <exception class="java.lang.NoClassDefFoundError">
            <message>
              <![CDATA[org/w3c/dom/ElementTraversal]]>
            </message>
            <full-stacktrace>
              <![CDATA[java.lang.NoClassDefFoundError: org/w3c/dom/ElementTraversal
at java.lang.ClassLoader.defineClass1(Native Method)
at java.lang.ClassLoader.defineClass(ClassLoader.java:756)
at java.security.SecureClassLoader.defineClass(SecureClassLoader.java:142)
at java.net.URLClassLoader.defineClass(URLClassLoader.java:473)
at java.net.URLClassLoader.access$100(URLClassLoader.java:74)
at java.net.URLClassLoader$1.run(URLClassLoader.java:369)
at java.net.URLClassLoader$1.run(URLClassLoader.java:363)
at java.security.AccessController.doPrivileged(Native Method)
at java.net.URLClassLoader.findClass(URLClassLoader.java:362)
at java.lang.ClassLoader.loadClass(ClassLoader.java:418)
at sun.misc.Launcher$AppClassLoader.loadClass(Launcher.java:355)
at java.lang.ClassLoader.loadClass(ClassLoader.java:351)
at org.apache.xerces.parsers.AbstractDOMParser.startDocument(Unknown Source)
at org.apache.xerces.impl.dtd.XMLDTDValidator.startDocument(Unknown Source)
at org.apache.xerces.impl.XMLDocumentScannerImpl.startEntity(Unknown Source)
at org.apache.xerces.impl.XMLVersionDetector.startDocumentParsing(Unknown Source)
at org.apache.xerces.parsers.XML11Configuration.parse(Unknown Source)
at org.apache.xerces.parsers.XML11Configuration.parse(Unknown Source)
at org.apache.xerces.parsers.XMLParser.parse(Unknown Source)
at org.apache.xerces.parsers.DOMParser.parse(Unknown Source)
at org.apache.xerces.jaxp.DocumentBuilderImpl.parse(Unknown Source)
at javax.xml.parsers.DocumentBuilder.parse(DocumentBuilder.java:121)
at com.relevantcodes.extentreports.Configuration.getConfigurationMap(Configuration.java:38)
at com.relevantcodes.extentreports.Report.loadConfig(Report.java:474)
at com.relevantcodes.extentreports.Report.<init>(Report.java:611)
at com.relevantcodes.extentreports.ExtentReports.<init>(ExtentReports.java:74)
at com.relevantcodes.extentreports.ExtentReports.<init>(ExtentReports.java:375)
at org.testing.utilities.Reports.ExtentRepro(Reports.java:10)
at org.testing.testcase.TC1_PostRequest.TC1_PostRequestMethod(TC1_PostRequest.java:26)
at sun.reflect.NativeMethodAccessorImpl.invoke0(Native Method)
at sun.reflect.NativeMethodAccessorImpl.invoke(NativeMethodAccessorImpl.java:62)
at sun.reflect.DelegatingMethodAccessorImpl.invoke(DelegatingMethodAccessorImpl.java:43)
at java.lang.reflect.Method.invoke(Method.java:498)
at org.testng.internal.MethodInvocationHelper.invokeMethod(MethodInvocationHelper.java:133)
at org.testng.internal.TestInvoker.invokeMethod(TestInvoker.java:598)
at org.testng.internal.TestInvoker.invokeTestMethod(TestInvoker.java:173)
at org.testng.internal.MethodRunner.runInSequence(MethodRunner.java:46)
at org.testng.internal.TestInvoker$MethodInvocationAgent.invoke(TestInvoker.java:824)
at org.testng.internal.TestInvoker.invokeTestMethods(TestInvoker.java:146)
at org.testng.internal.TestMethodWorker.invokeTestMethods(TestMethodWorker.java:146)
at org.testng.internal.TestMethodWorker.run(TestMethodWorker.java:128)
at java.util.ArrayList.forEach(ArrayList.java:1259)
at org.testng.TestRunner.privateRun(TestRunner.java:794)
at org.testng.TestRunner.run(TestRunner.java:596)
at org.testng.SuiteRunner.runTest(SuiteRunner.java:377)
at org.testng.SuiteRunner.runSequentially(SuiteRunner.java:371)
at org.testng.SuiteRunner.privateRun(SuiteRunner.java:332)
at org.testng.SuiteRunner.run(SuiteRunner.java:276)
at org.testng.SuiteRunnerWorker.runSuite(SuiteRunnerWorker.java:53)
at org.testng.SuiteRunnerWorker.run(SuiteRunnerWorker.java:96)
at org.testng.TestNG.runSuitesSequentially(TestNG.java:1212)
at org.testng.TestNG.runSuitesLocally(TestNG.java:1134)
at org.testng.TestNG.runSuites(TestNG.java:1063)
at org.testng.TestNG.run(TestNG.java:1031)
at org.testng.remote.AbstractRemoteTestNG.run(AbstractRemoteTestNG.java:115)
at org.testng.remote.RemoteTestNG.initAndRun(RemoteTestNG.java:251)
at org.testng.remote.RemoteTestNG.main(RemoteTestNG.java:77)
Caused by: java.lang.ClassNotFoundException: org.w3c.dom.ElementTraversal
at java.net.URLClassLoader.findClass(URLClassLoader.java:387)
at java.lang.ClassLoader.loadClass(ClassLoader.java:418)
at sun.misc.Launcher$AppClassLoader.loadClass(Launcher.java:355)
at java.lang.ClassLoader.loadClass(ClassLoader.java:351)
... 57 more
]]>
            </full-stacktrace>
          </exception> <!-- java.lang.NoClassDefFoundError -->
          <reporter-output>
          </reporter-output>
        </test-method> <!-- TC1_PostRequestMethod -->
      </class> <!-- org.testing.testcase.TC1_PostRequest -->
      <class name="org.testing.testcase.TC9_UpdateRecordOnlineAPI">
        <test-method status="PASS" signature="TC9_Updateparticular()[pri:0, instance:org.testing.testcase.TC9_UpdateRecordOnlineAPI@525f1e4e]" name="TC9_Updateparticular" duration-ms="1070" started-at="2022-10-10T06:35:10 IST" finished-at="2022-10-10T06:35:11 IST">
          <reporter-output>
          </reporter-output>
        </test-method> <!-- TC9_Updateparticular -->
      </class> <!-- org.testing.testcase.TC9_UpdateRecordOnlineAPI -->
      <class name="org.testing.testcase.TC5_DeleteRequest">
        <test-method status="PASS" signature="TC5_DeleteRecord()[pri:0, instance:org.testing.testcase.TC5_DeleteRequest@6ee12bac]" name="TC5_DeleteRecord" duration-ms="60" started-at="2022-10-10T06:35:06 IST" finished-at="2022-10-10T06:35:06 IST">
          <reporter-output>
          </reporter-output>
        </test-method> <!-- TC5_DeleteRecord -->
      </class> <!-- org.testing.testcase.TC5_DeleteRequest -->
      <class name="org.testing.testcase.TC7_GetAllRecordsOnlineAPI">
        <test-method status="FAIL" signature="TC7_AllRecords()[pri:0, instance:org.testing.testcase.TC7_GetAllRecordsOnlineAPI@64c87930]" name="TC7_AllRecords" duration-ms="1110" started-at="2022-10-10T06:35:08 IST" finished-at="2022-10-10T06:35:09 IST">
          <exception class="org.json.JSONException">
            <message>
              <![CDATA[A JSONObject text must begin with '{' at 1 [character 2 line 1]]]>
            </message>
            <full-stacktrace>
              <![CDATA[org.json.JSONException: A JSONObject text must begin with '{' at 1 [character 2 line 1]
at org.json.JSONTokener.syntaxError(JSONTokener.java:507)
at org.json.JSONObject.<init>(JSONObject.java:222)
at org.json.JSONObject.<init>(JSONObject.java:406)
at org.testing.utilities.JsonParsingUsingOrgJson.JsonParseOnlineAPI(JsonParsingUsingOrgJson.java:31)
at org.testing.testcase.TC7_GetAllRecordsOnlineAPI.TC7_AllRecords(TC7_GetAllRecordsOnlineAPI.java:26)
at sun.reflect.NativeMethodAccessorImpl.invoke0(Native Method)
at sun.reflect.NativeMethodAccessorImpl.invoke(NativeMethodAccessorImpl.java:62)
at sun.reflect.DelegatingMethodAccessorImpl.invoke(DelegatingMethodAccessorImpl.java:43)
at java.lang.reflect.Method.invoke(Method.java:498)
at org.testng.internal.MethodInvocationHelper.invokeMethod(MethodInvocationHelper.java:133)
at org.testng.internal.TestInvoker.invokeMethod(TestInvoker.java:598)
at org.testng.internal.TestInvoker.invokeTestMethod(TestInvoker.java:173)
at org.testng.internal.MethodRunner.runInSequence(MethodRunner.java:46)
at org.testng.internal.TestInvoker$MethodInvocationAgent.invoke(TestInvoker.java:824)
at org.testng.internal.TestInvoker.invokeTestMethods(TestInvoker.java:146)
at org.testng.internal.TestMethodWorker.invokeTestMethods(TestMethodWorker.java:146)
at org.testng.internal.TestMethodWorker.run(TestMethodWorker.java:128)
at java.util.ArrayList.forEach(ArrayList.java:1259)
at org.testng.TestRunner.privateRun(TestRunner.java:794)
at org.testng.TestRunner.run(TestRunner.java:596)
at org.testng.SuiteRunner.runTest(SuiteRunner.java:377)
at org.testng.SuiteRunner.runSequentially(SuiteRunner.java:371)
at org.testng.SuiteRunner.privateRun(SuiteRunner.java:332)
at org.testng.SuiteRunner.run(SuiteRunner.java:276)
at org.testng.SuiteRunnerWorker.runSuite(SuiteRunnerWorker.java:53)
at org.testng.SuiteRunnerWorker.run(SuiteRunnerWorker.java:96)
at org.testng.TestNG.runSuitesSequentially(TestNG.java:1212)
at org.testng.TestNG.runSuitesLocally(TestNG.java:1134)
at org.testng.TestNG.runSuites(TestNG.java:1063)
at org.testng.TestNG.run(TestNG.java:1031)
at org.testng.remote.AbstractRemoteTestNG.run(AbstractRemoteTestNG.java:115)
at org.testng.remote.RemoteTestNG.initAndRun(RemoteTestNG.java:251)
at org.testng.remote.RemoteTestNG.main(RemoteTestNG.java:77)
]]>
            </full-stacktrace>
          </exception> <!-- org.json.JSONException -->
          <reporter-output>
          </reporter-output>
        </test-method> <!-- TC7_AllRecords -->
      </class> <!-- org.testing.testcase.TC7_GetAllRecordsOnlineAPI -->
      <class name="org.testing.testcase.TC3_GetSingleRecordRequest">
        <test-method status="PASS" signature="TC3_SingleRecord()[pri:0, instance:org.testing.testcase.TC3_GetSingleRecordRequest@36f0f1be]" name="TC3_SingleRecord" duration-ms="51" started-at="2022-10-10T06:35:06 IST" finished-at="2022-10-10T06:35:06 IST">
          <reporter-output>
          </reporter-output>
        </test-method> <!-- TC3_SingleRecord -->
      </class> <!-- org.testing.testcase.TC3_GetSingleRecordRequest -->
      <class name="org.testing.testcase.TC10_DeleteRequestOnlineAPI">
        <test-method status="PASS" signature="TC10_DeleteOnlineAPI()[pri:0, instance:org.testing.testcase.TC10_DeleteRequestOnlineAPI@75f9eccc]" name="TC10_DeleteOnlineAPI" duration-ms="1140" started-at="2022-10-10T06:35:11 IST" finished-at="2022-10-10T06:35:12 IST">
          <reporter-output>
          </reporter-output>
        </test-method> <!-- TC10_DeleteOnlineAPI -->
      </class> <!-- org.testing.testcase.TC10_DeleteRequestOnlineAPI -->
    </test> <!-- Test -->
  </suite> <!-- Suite -->
</testng-results>
